beard0-dasa.value 138
beard0-kyren.value 138
beard1-dasa.value 857
beard1-kyren.value 860
beard2-dasa.value 2943
beard2-kyren.value 977
beard3-dasa.value 954
beard3-kyren.value 818
beard4-dasa.value 1712
beard4-kyren.value 898
beard5-dasa.value 665
beard5-kyren.value 621
contest1-dasa.value 210
contest1-kyren.value 212
contest10-dasa.value 1874
contest10-kyren.value 619
contest2-dasa.value 143
contest2-kyren.value 281
contest3-dasa.value 275
contest3-kyren.value 273
contest4-dasa.value 575
contest4-kyren.value 575
contest5-dasa.value 848
contest5-kyren.value 858
contest6-dasa.value 727
contest6-kyren.value 725
contest7-dasa.value 869
contest7-kyren.value 869
contest8-dasa.value 1027
contest8-kyren.value 268
contest9-dasa.value 1833
contest9-kyren.value 912
flood1-dasa.value 942
flood1-kyren.value 945
flood2-dasa.value 143
flood2-kyren.value 281
flood3-dasa.value 842
flood3-kyren.value 812
flood4-dasa.value 714
flood4-kyren.value 326
flood5-dasa.value 567
flood5-kyren.value 575
horock1-dasa.value 414
horock1-kyren.value 416
horock2-dasa.value 235
horock2-kyren.value 235
horock3-dasa.value 1559
horock3-kyren.value 961
huge1-dasa.value 28
huge1-kyren.value 0
huge2-dasa.value 49
huge2-kyren.value 49
patho1-dasa.value 48
patho1-kyren.value 48
patho2-dasa.value 0
patho2-kyren.value 0
patho3-dasa.value 0
patho3-kyren.value 0
patho4-dasa.value 147
patho4-kyren.value 147
patho5-dasa.value 233
patho5-kyren.value 233
patho6-dasa.value 192
patho6-kyren.value 359
patho7-dasa.value 32
patho7-kyren.value 32
patho8-dasa.value 21
patho8-kyren.value 308
puzzle1-dasa.value 334
puzzle1-kyren.value 332
puzzle2-dasa.value 486
puzzle2-kyren.value 479
puzzle3-dasa.value 797
puzzle3-kyren.value 795
puzzle4-dasa.value 515
puzzle4-kyren.value 120
trampoline1-dasa.value 291
trampoline1-kyren.value 291
trampoline2-dasa.value 1730
trampoline2-kyren.value 717
trampoline3-dasa.value 2677
trampoline3-kyren.value 326
trampoline4-dasa.value 1730
trampoline4-kyren.value 717
trampoline5-dasa.value 355
trampoline5-kyren.value 355
dasa.value 30731
kyren.value 19763
