horock1-hi.value	762
horock2-hi.value	747
horock3-hi.value	2406

beard1-hi.value	860
beard2-hi.value	4522
beard3-hi.value	1789
beard4-hi.value	3103
beard5-hi.value	946

trampoline1-hi.value	426
trampoline2-hi.value	1742
trampoline3-hi.value	5477

flood1-hi.value	945
flood2-hi.value	281
flood3-hi.value	1303
flood4-hi.value	1594
flood5-hi.value	575

contest1-hi.value	212
contest2-hi.value	281
contest3-hi.value	275
contest4-hi.value	575
contest5-hi.value	1303
contest6-hi.value	1177
contest7-hi.value	869
contest8-hi.value	1973
contest9-hi.value	3095
contest10-hi.value	3634
