rm -f *.o *.so main
g++ -std=c++0x -O3   -c -o Best.o Best.cpp
g++ -std=c++0x -O3   -c -o Grid.o Grid.cpp
g++ -std=c++0x -O3   -c -o guihook.o guihook.cpp
g++ -std=c++0x -O3   -c -o main.o main.cpp
g++ -std=c++0x -O3   -c -o Mine.o Mine.cpp
g++ -std=c++0x -O3   -c -o Problem.o Problem.cpp
g++ -std=c++0x -O3   -c -o sha1.o sha1.cpp
g++ -std=c++0x -O3   -c -o Solvers.o Solvers.cpp
g++ -std=c++0x -O3 -static Best.o Grid.o guihook.o main.o Mine.o Problem.o sha1.o Solvers.o -o main
g++ -DGUI -std=c++0x -O3 -fpic Best.cpp Grid.cpp guihook.cpp main.cpp Mine.cpp Problem.cpp sha1.cpp Solvers.cpp -shared -o libkyren.so
beard0-kyren.value 138
beard1-kyren.value 840
beard2-kyren.value 4477
beard3-kyren.value 971
beard4-kyren.value 1895
beard5-kyren.value 661
contest1-kyren.value 212
contest10-kyren.value 3572
contest2-kyren.value 278
contest3-kyren.value 273
contest4-kyren.value 561
contest5-kyren.value 812
contest6-kyren.value 739
contest7-kyren.value 867
contest8-kyren.value 1251
contest9-kyren.value 1958
flood1-kyren.value 570
flood2-kyren.value 185
flood3-kyren.value 812
flood4-kyren.value 1005
flood5-kyren.value 557
horock1-kyren.value 725
horock2-kyren.value 235
horock3-kyren.value 1547
huge1-kyren.value 28
huge2-kyren.value 49
patho1-kyren.value 48
patho2-kyren.value 0
patho3-kyren.value 0
patho4-kyren.value 147
patho5-kyren.value 233
patho6-kyren.value 360
patho7-kyren.value 32
patho8-kyren.value 308
puzzle1-kyren.value 330
puzzle2-kyren.value 486
puzzle3-kyren.value 783
puzzle4-kyren.value 519
spectest1-kyren.value 441
trampoline1-kyren.value 291
trampoline2-kyren.value 1729
trampoline3-kyren.value 928
trampoline4-kyren.value 336
trampoline5-kyren.value 353
kyren.value 32542
