beard0-dasa.value -1
beard0-kyren.value 138
beard1-dasa.value -1
beard1-kyren.value 474
beard2-dasa.value -1
beard2-kyren.value 4481
beard3-dasa.value -1
beard3-kyren.value 984
beard4-dasa.value -1
beard4-kyren.value 1895
beard5-dasa.value -1
beard5-kyren.value 661
contest1-dasa.value -1
contest1-kyren.value 212
contest10-dasa.value -1
contest10-kyren.value 3574
contest2-dasa.value -1
contest2-kyren.value 281
contest3-dasa.value -1
contest3-kyren.value 263
contest4-dasa.value -1
contest4-kyren.value 557
contest5-dasa.value -1
contest5-kyren.value 764
contest6-dasa.value -1
contest6-kyren.value 700
contest7-dasa.value -1
contest7-kyren.value 869
contest8-dasa.value -1
contest8-kyren.value 1253
contest9-dasa.value -1
contest9-kyren.value 1934
flood1-dasa.value -1
flood1-kyren.value 337
flood2-dasa.value -1
flood2-kyren.value 281
flood3-dasa.value -1
flood3-kyren.value 764
flood4-dasa.value -1
flood4-kyren.value 927
flood5-dasa.value -1
flood5-kyren.value 365
horock1-dasa.value -1
horock1-kyren.value 316
horock2-dasa.value -1
horock2-kyren.value 477
horock3-dasa.value -1
horock3-kyren.value 1503
huge1-dasa.value -1
huge1-kyren.value 28
huge2-dasa.value -1
huge2-kyren.value 49
patho1-dasa.value -1
patho1-kyren.value 48
patho2-dasa.value -1
patho2-kyren.value 0
patho3-dasa.value -1
patho3-kyren.value 0
patho4-dasa.value -1
patho4-kyren.value 147
patho5-dasa.value -1
patho5-kyren.value 233
patho6-dasa.value -1
patho6-kyren.value 307
patho7-dasa.value -1
patho7-kyren.value 32
patho8-dasa.value -1
patho8-kyren.value 308
puzzle1-dasa.value -1
puzzle1-kyren.value 332
puzzle2-dasa.value -1
puzzle2-kyren.value 486
puzzle3-dasa.value -1
puzzle3-kyren.value 1179
puzzle4-dasa.value -1
puzzle4-kyren.value 546
spectest1-dasa.value -1
spectest1-kyren.value 441
trampoline1-dasa.value -1
trampoline1-kyren.value 291
trampoline2-dasa.value -1
trampoline2-kyren.value 238
trampoline3-dasa.value -1
trampoline3-kyren.value 2825
trampoline4-dasa.value -1
trampoline4-kyren.value 238
trampoline5-dasa.value -1
trampoline5-kyren.value 325
dasa.value 0
kyren.value 32063
